[0.029s] Invoking command in '/home/frantches/Workspaces/ros2_ws/packages/build/uwaba_prototype_description': /usr/bin/cmake --build /home/frantches/Workspaces/ros2_ws/packages/build/uwaba_prototype_description -- -j8 -l8
[0.062s] -- Found ament_cmake: 1.3.8 (/opt/ros/humble/share/ament_cmake/cmake)
[0.165s] Traceback (most recent call last):
[0.165s]   File "/opt/ros/humble/share/ament_cmake_core/cmake/package_templates/templates_2_cmake.py", line 21, in <module>
[0.165s]     from ament_package.templates import get_environment_hook_template_path
[0.165s] ModuleNotFoundError: No module named 'ament_package'
[0.176s] [31mCMake Error at /opt/ros/humble/share/ament_cmake_core/cmake/ament_cmake_package_templates-extras.cmake:41 (message):
[0.176s]   execute_process(/usr/bin/python3
[0.177s]   /opt/ros/humble/share/ament_cmake_core/cmake/package_templates/templates_2_cmake.py
[0.177s]   /home/frantches/Workspaces/ros2_ws/packages/build/uwaba_prototype_description/ament_cmake_package_templates/templates.cmake)
[0.177s]   returned error code 1
[0.177s] Call Stack (most recent call first):
[0.177s]   /opt/ros/humble/share/ament_cmake_core/cmake/ament_cmake_coreConfig.cmake:41 (include)
[0.177s]   /opt/ros/humble/share/ament_cmake/cmake/ament_cmake_export_dependencies-extras.cmake:15 (find_package)
[0.177s]   /opt/ros/humble/share/ament_cmake/cmake/ament_cmakeConfig.cmake:41 (include)
[0.177s]   CMakeLists.txt:9 (find_package)
[0.177s] 
[0.177s] [0m
[0.177s] -- Configuring incomplete, errors occurred!
[0.177s] See also "/home/frantches/Workspaces/ros2_ws/packages/build/uwaba_prototype_description/CMakeFiles/CMakeOutput.log".
[0.178s] gmake: *** [Makefile:226: cmake_check_build_system] Error 1
[0.180s] Invoked command in '/home/frantches/Workspaces/ros2_ws/packages/build/uwaba_prototype_description' returned '2': /usr/bin/cmake --build /home/frantches/Workspaces/ros2_ws/packages/build/uwaba_prototype_description -- -j8 -l8
